digraph {
graph [ordering="out"];
node0[label="func_decl_list"];
node1[label="func_decl"];
node2[label="func_header"];
node3[label="void"];
node2 -> node3;
node4[label="id,0"];
node2 -> node4;
node5[label="param_list"];
node2 -> node5;
node1 -> node2;
node6[label="func_body"];
node7[label="var_decl_list"];
node8[label="svar,1"];
node7 -> node8;
node6 -> node7;
node9[label="block"];
node10[label="="];
node11[label=",2"];
node10 -> node11;
node12[label=",0"];
node10 -> node12;
node9 -> node10;
node13[label="while"];
node14[label=">"];
node15[label=",3"];
node14 -> node15;
node16[label=",1"];
node14 -> node16;
node13 -> node14;
node17[label="block"];
node18[label="output"];
node19[label=",4"];
node18 -> node19;
node17 -> node18;
node20[label="write"];
node21[label=",2"];
node20 -> node21;
node17 -> node20;
node22[label="="];
node23[label=",5"];
node22 -> node23;
node24[label="-"];
node25[label=",6"];
node24 -> node25;
node26[label=",3"];
node24 -> node26;
node22 -> node24;
node17 -> node22;
node13 -> node17;
node9 -> node13;
node6 -> node9;
node1 -> node6;
node0 -> node1;
}
