digraph {
graph [ordering="out"];
node0[label="func_decl_list"];
node1[label="func_decl"];
node2[label="func_header"];
node3[label="void"];
node2 -> node3;
node4[label="id,0"];
node2 -> node4;
node5[label="param_list"];
node2 -> node5;
node1 -> node2;
node6[label="func_body"];
node7[label="var_decl_list"];
node8[label="svar,1"];
node7 -> node8;
node9[label="svar,2"];
node7 -> node9;
node6 -> node7;
node10[label="block"];
node11[label="="];
node12[label=",3"];
node11 -> node12;
node13[label="input"];
node11 -> node13;
node10 -> node11;
node14[label="if"];
node15[label=">"];
node16[label=",4"];
node15 -> node16;
node17[label=",0"];
node15 -> node17;
node14 -> node15;
node18[label="block"];
node19[label="="];
node20[label=",5"];
node19 -> node20;
node21[label=",1"];
node19 -> node21;
node18 -> node19;
node22[label="while"];
node23[label="!="];
node24[label=",6"];
node23 -> node24;
node25[label=",0"];
node23 -> node25;
node22 -> node23;
node26[label="block"];
node27[label="="];
node28[label=",7"];
node27 -> node28;
node29[label="*"];
node30[label=",8"];
node29 -> node30;
node31[label=",9"];
node29 -> node31;
node27 -> node29;
node26 -> node27;
node32[label="="];
node33[label=",10"];
node32 -> node33;
node34[label="-"];
node35[label=",11"];
node34 -> node35;
node36[label=",1"];
node34 -> node36;
node32 -> node34;
node26 -> node32;
node22 -> node26;
node18 -> node22;
node37[label="output"];
node38[label=",12"];
node37 -> node38;
node18 -> node37;
node14 -> node18;
node10 -> node14;
node6 -> node10;
node1 -> node6;
node0 -> node1;
}
