digraph {
graph [ordering="out"];
node0[label="func_decl_list"];
node1[label="func_decl"];
node2[label="func_header"];
node3[label="int"];
node2 -> node3;
node4[label="id,0"];
node2 -> node4;
node5[label="param_list"];
node6[label="param"];
node7[label=",1"];
node6 -> node7;
node5 -> node6;
node8[label="param"];
node9[label=",2"];
node8 -> node9;
node5 -> node8;
node2 -> node5;
node1 -> node2;
node10[label="func_body"];
node11[label="var_decl_list"];
node12[label="svar,3"];
node11 -> node12;
node10 -> node11;
node13[label="block"];
node14[label="="];
node15[label=",4"];
node14 -> node15;
node16[label="+"];
node17[label=",5"];
node16 -> node17;
node18[label=",6"];
node16 -> node18;
node14 -> node16;
node13 -> node14;
node19[label="return"];
node20[label=",7"];
node19 -> node20;
node13 -> node19;
node10 -> node13;
node1 -> node10;
node0 -> node1;
node21[label="func_decl"];
node22[label="func_header"];
node23[label="void"];
node22 -> node23;
node24[label="id,8"];
node22 -> node24;
node25[label="param_list"];
node22 -> node25;
node21 -> node22;
node26[label="func_body"];
node27[label="var_list"];
node26 -> node27;
node28[label="block"];
node29[label="output"];
node30[label="user_func_call"];
node31[label="arg_list"];
node32[label=",0"];
node31 -> node32;
node33[label=",1"];
node31 -> node33;
node30 -> node31;
node29 -> node30;
node28 -> node29;
node26 -> node28;
node21 -> node26;
node0 -> node21;
}
