digraph {
graph [ordering="out"];
node0[label="func_decl_list"];
node1[label="func_decl"];
node2[label="func_header"];
node3[label="int"];
node2 -> node3;
node4[label="id,0"];
node2 -> node4;
node5[label="param_list"];
node6[label="param"];
node7[label=",1"];
node6 -> node7;
node5 -> node6;
node2 -> node5;
node1 -> node2;
node8[label="func_body"];
node9[label="var_list"];
node8 -> node9;
node10[label="block"];
node11[label="if"];
node12[label="="];
node13[label=",2"];
node12 -> node13;
node14[label=",0"];
node12 -> node14;
node11 -> node12;
node15[label="block"];
node16[label="return"];
node17[label=",0"];
node16 -> node17;
node15 -> node16;
node11 -> node15;
node18[label="block"];
node19[label="return"];
node20[label="*"];
node21[label=",3"];
node20 -> node21;
node22[label="user_func_call"];
node23[label="arg_list"];
node24[label="-"];
node25[label=",5"];
node24 -> node25;
node26[label=",0"];
node24 -> node26;
node23 -> node24;
node22 -> node23;
node20 -> node22;
node19 -> node20;
node18 -> node19;
node11 -> node18;
node10 -> node11;
node8 -> node10;
node1 -> node8;
node0 -> node1;
node27[label="func_decl"];
node28[label="func_header"];
node29[label="void"];
node28 -> node29;
node30[label="id,6"];
node28 -> node30;
node31[label="param_list"];
node28 -> node31;
node27 -> node28;
node32[label="func_body"];
node33[label="var_decl_list"];
node34[label="svar,7"];
node33 -> node34;
node35[label="svar,8"];
node33 -> node35;
node32 -> node33;
node36[label="block"];
node37[label="="];
node38[label=",9"];
node37 -> node38;
node39[label="input"];
node37 -> node39;
node36 -> node37;
node40[label="output"];
node41[label="user_func_call"];
node42[label="arg_list"];
node43[label=",11"];
node42 -> node43;
node41 -> node42;
node40 -> node41;
node36 -> node40;
node32 -> node36;
node27 -> node32;
node0 -> node27;
}
