digraph {
graph [ordering="out"];
node0[label="func_decl_list"];
node1[label="func_decl"];
node2[label="func_header"];
node3[label="void"];
node2 -> node3;
node4[label="id,0"];
node2 -> node4;
node5[label="param_list"];
node2 -> node5;
node1 -> node2;
node6[label="func_body"];
node7[label="var_decl_list"];
node8[label="cvar,1"];
node9[label=",0"];
node8 -> node9;
node7 -> node8;
node6 -> node7;
node10[label="block"];
node11[label="output"];
node12[label=",2"];
node11 -> node12;
node10 -> node11;
node6 -> node10;
node1 -> node6;
node0 -> node1;
}
