digraph {
graph [ordering="out"];
node0[label="func_decl_list"];
node1[label="func_decl"];
node2[label="func_header"];
node3[label="void"];
node2 -> node3;
node4[label="id,0"];
node2 -> node4;
node5[label="param_list"];
node2 -> node5;
node1 -> node2;
node6[label="func_body"];
node7[label="var_decl_list"];
node8[label="svar,1"];
node7 -> node8;
node9[label="svar,2"];
node7 -> node9;
node6 -> node7;
node10[label="block"];
node11[label="="];
node12[label=",3"];
node11 -> node12;
node13[label="input"];
node11 -> node13;
node10 -> node11;
node14[label="="];
node15[label=",4"];
node14 -> node15;
node16[label="user_func_call"];
node17[label="arg_list"];
node18[label=",6"];
node17 -> node18;
node16 -> node17;
node14 -> node16;
node10 -> node14;
node19[label="output"];
node20[label=",7"];
node19 -> node20;
node10 -> node19;
node6 -> node10;
node1 -> node6;
node0 -> node1;
}
