digraph {
graph [ordering="out"];
node0[label="func_decl_list"];
node1[label="func_decl"];
node2[label="func_header"];
node3[label="void"];
node2 -> node3;
node4[label="id,0"];
node2 -> node4;
node5[label="param_list"];
node6[label="param"];
node7[label=",1"];
node6 -> node7;
node5 -> node6;
node2 -> node5;
node1 -> node2;
node8[label="func_body"];
node9[label="var_decl_list"];
node10[label="svar,2"];
node9 -> node10;
node8 -> node9;
node11[label="block"];
node12[label="return"];
node13[label=",0"];
node12 -> node13;
node11 -> node12;
node8 -> node11;
node1 -> node8;
node0 -> node1;
node14[label="func_decl"];
node15[label="func_header"];
node16[label="void"];
node15 -> node16;
node17[label="id,3"];
node15 -> node17;
node18[label="param_list"];
node15 -> node18;
node14 -> node15;
node19[label="func_body"];
node20[label="var_list"];
node19 -> node20;
node21[label="block"];
node19 -> node21;
node14 -> node19;
node0 -> node14;
}
