digraph {
graph [ordering="out"];
node0[label="func_decl_list"];
node1[label="func_decl"];
node2[label="func_header"];
node3[label="int"];
node2 -> node3;
node4[label="id,0"];
node2 -> node4;
node5[label="param_list"];
node6[label="param"];
node7[label=",1"];
node6 -> node7;
node5 -> node6;
node2 -> node5;
node1 -> node2;
node8[label="func_body"];
node9[label="var_list"];
node8 -> node9;
node10[label="block"];
node11[label="return"];
node12[label=",0"];
node11 -> node12;
node10 -> node11;
node8 -> node10;
node1 -> node8;
node0 -> node1;
node13[label="func_decl"];
node14[label="func_header"];
node15[label="int"];
node14 -> node15;
node16[label="id,2"];
node14 -> node16;
node17[label="param_list"];
node14 -> node17;
node13 -> node14;
node18[label="func_body"];
node19[label="var_list"];
node18 -> node19;
node20[label="block"];
node21[label="return"];
node22[label=",1"];
node21 -> node22;
node20 -> node21;
node18 -> node20;
node13 -> node18;
node0 -> node13;
node23[label="func_decl"];
node24[label="func_header"];
node25[label="void"];
node24 -> node25;
node26[label="id,3"];
node24 -> node26;
node27[label="param_list"];
node24 -> node27;
node23 -> node24;
node28[label="func_body"];
node29[label="var_list"];
node28 -> node29;
node30[label="block"];
node28 -> node30;
node23 -> node28;
node0 -> node23;
}
