digraph {
graph [ordering="out"];
node0[label="func_decl_list"];
node1[label="func_decl"];
node2[label="func_header"];
node3[label="int"];
node2 -> node3;
node4[label="id,0"];
node2 -> node4;
node5[label="param_list"];
node6[label="param"];
node7[label=",1"];
node6 -> node7;
node5 -> node6;
node8[label="param"];
node9[label=",2"];
node8 -> node9;
node5 -> node8;
node2 -> node5;
node1 -> node2;
node10[label="func_body"];
node11[label="var_list"];
node10 -> node11;
node12[label="block"];
node13[label="return"];
node14[label="+"];
node15[label=",3"];
node14 -> node15;
node16[label=",4"];
node14 -> node16;
node13 -> node14;
node12 -> node13;
node10 -> node12;
node1 -> node10;
node0 -> node1;
node17[label="func_decl"];
node18[label="func_header"];
node19[label="void"];
node18 -> node19;
node20[label="id,5"];
node18 -> node20;
node21[label="param_list"];
node18 -> node21;
node17 -> node18;
node22[label="func_body"];
node23[label="var_decl_list"];
node24[label="svar,6"];
node23 -> node24;
node22 -> node23;
node25[label="block"];
node26[label="="];
node27[label=",7"];
node26 -> node27;
node28[label="user_func_call"];
node29[label="arg_list"];
node30[label=",0"];
node29 -> node30;
node28 -> node29;
node26 -> node28;
node25 -> node26;
node31[label="output"];
node32[label=",9"];
node31 -> node32;
node25 -> node31;
node22 -> node25;
node17 -> node22;
node0 -> node17;
}
